<?xml version="1.0" encoding="UTF-8"?>
<!-- Generated by org.testng.reporters.JUnitReportReporter -->
<testsuite skipped="0" hostname="PNQ1-LPD916N13" name="com.unity.runner.RunCucumberTest" tests="1" failures="0" timestamp="06 Mar 2023 09:56:37 GMT" time="113.912" errors="1">
  <testcase name="runScenario" time="113.912" classname="com.unity.runner.RunCucumberTest">
    <error type="org.openqa.selenium.TimeoutException" message="Expected condition failed: waiting for visibility of element located by By.xpath: (//html[@data-lt-installed=&#039;true&#039;])/lt-highlighter/lt-div/lt-div (tried for 30 second(s) with 500 milliseconds interval)">
      <![CDATA[org.openqa.selenium.TimeoutException: Expected condition failed: waiting for visibility of element located by By.xpath: (//html[@data-lt-installed='true'])/lt-highlighter/lt-div/lt-div (tried for 30 second(s) with 500 milliseconds interval)
at org.openqa.selenium.support.ui.WebDriverWait.timeoutException(WebDriverWait.java:95)
at org.openqa.selenium.support.ui.FluentWait.until(FluentWait.java:272)
at com.unity.customelements.UnityWebElement.waitforVisible(UnityWebElement.java:364)
at com.unity.customelements.UnityWebElement$$EnhancerByCGLIB$$c0c1cc43.CGLIB$waitforVisible$21(<generated>)
at com.unity.customelements.UnityWebElement$$EnhancerByCGLIB$$c0c1cc43$$FastClassByCGLIB$$47fd7483.invoke(<generated>)
at net.sf.cglib.proxy.MethodProxy.invokeSuper(MethodProxy.java:228)
at com.unity.customelements.CustomElementLocator.intercept(CustomElementLocator.java:54)
at com.unity.customelements.UnityWebElement$$EnhancerByCGLIB$$c0c1cc43.waitforVisible(<generated>)
at com.unity.customelements.UnityWebElement.sendKeys(UnityWebElement.java:122)
at com.unity.customelements.UnityWebElement$$EnhancerByCGLIB$$c0c1cc43.CGLIB$sendKeys$16(<generated>)
at com.unity.customelements.UnityWebElement$$EnhancerByCGLIB$$c0c1cc43$$FastClassByCGLIB$$47fd7483.invoke(<generated>)
at net.sf.cglib.proxy.MethodProxy.invokeSuper(MethodProxy.java:228)
at com.unity.customelements.CustomElementLocator.intercept(CustomElementLocator.java:54)
at com.unity.customelements.UnityWebElement$$EnhancerByCGLIB$$c0c1cc43.sendKeys(<generated>)
at com.unity.pages.AddQuestionsPage.AddQuestions(AddQuestionsPage.java:91)
at com.unity.stepdefs.AddQuestionsTest.Instruction_should_get_created(AddQuestionsTest.java:33)
at âœ½.User should add questions(file:///C:/Users/e5617360/Desktop/Automation%20backup/SecutaFramework/src/test/resources/FA_Sanity_Unity/SanityTest.feature:12)
Caused by: org.openqa.selenium.NoSuchElementException: no such element: Unable to locate element: {"method":"xpath","selector":"(//html[@data-lt-installed='true'])/lt-highlighter/lt-div/lt-div"}
  (Session info: chrome=110.0.5481.177)
For documentation on this error, please visit: https://www.seleniumhq.org/exceptions/no_such_element.html
Build info: version: '3.141.59', revision: 'e82be7d358', time: '2018-11-14T08:17:03'
System info: host: 'PNQ1-LPD916N13', ip: '10.11.195.136', os.name: 'Windows 10', os.arch: 'amd64', os.version: '10.0', java.version: '1.8.0_301'
Driver info: org.openqa.selenium.chrome.ChromeDriver
Capabilities {acceptInsecureCerts: false, browserName: chrome, browserVersion: 110.0.5481.177, chrome: {chromedriverVersion: 109.0.5414.74 (e7c5703604da..., userDataDir: C:\Users\e5617360\AppData\L...}, goog:chromeOptions: {debuggerAddress: localhost:57884}, javascriptEnabled: true, networkConnectionEnabled: false, pageLoadStrategy: normal, platform: WINDOWS, platformName: WINDOWS, proxy: Proxy(), setWindowRect: true, strictFileInteractability: false, timeouts: {implicit: 0, pageLoad: 300000, script: 30000}, unhandledPromptBehavior: dismiss and notify, webauthn:extension:credBlob: true, webauthn:extension:largeBlob: true, webauthn:virtualAuthenticators: true}
Session ID: f6e3b02bea471f26b777a68088bb2a93
*** Element info: {Using=xpath, value=(//html[@data-lt-installed='true'])/lt-highlighter/lt-div/lt-div}
at sun.reflect.GeneratedConstructorAccessor28.newInstance(Unknown Source)
at sun.reflect.DelegatingConstructorAccessorImpl.newInstance(Unknown Source)
at java.lang.reflect.Constructor.newInstance(Unknown Source)
at org.openqa.selenium.remote.http.W3CHttpResponseCodec.createException(W3CHttpResponseCodec.java:187)
at org.openqa.selenium.remote.http.W3CHttpResponseCodec.decode(W3CHttpResponseCodec.java:122)
at org.openqa.selenium.remote.http.W3CHttpResponseCodec.decode(W3CHttpResponseCodec.java:49)
at org.openqa.selenium.remote.HttpCommandExecutor.execute(HttpCommandExecutor.java:158)
at org.openqa.selenium.remote.service.DriverCommandExecutor.execute(DriverCommandExecutor.java:83)
at org.openqa.selenium.remote.RemoteWebDriver.execute(RemoteWebDriver.java:552)
at org.openqa.selenium.remote.RemoteWebDriver.findElement(RemoteWebDriver.java:323)
at org.openqa.selenium.remote.RemoteWebDriver.findElementByXPath(RemoteWebDriver.java:428)
at org.openqa.selenium.By$ByXPath.findElement(By.java:353)
at org.openqa.selenium.remote.RemoteWebDriver.findElement(RemoteWebDriver.java:315)
at org.openqa.selenium.support.ui.ExpectedConditions$7.apply(ExpectedConditions.java:205)
at org.openqa.selenium.support.ui.ExpectedConditions$7.apply(ExpectedConditions.java:201)
at org.openqa.selenium.support.ui.FluentWait.until(FluentWait.java:249)
at com.unity.customelements.UnityWebElement.waitforVisible(UnityWebElement.java:364)
at com.unity.customelements.UnityWebElement$$EnhancerByCGLIB$$c0c1cc43.CGLIB$waitforVisible$21(<generated>)
at com.unity.customelements.UnityWebElement$$EnhancerByCGLIB$$c0c1cc43$$FastClassByCGLIB$$47fd7483.invoke(<generated>)
at net.sf.cglib.proxy.MethodProxy.invokeSuper(MethodProxy.java:228)
at com.unity.customelements.CustomElementLocator.intercept(CustomElementLocator.java:54)
at com.unity.customelements.UnityWebElement$$EnhancerByCGLIB$$c0c1cc43.waitforVisible(<generated>)
at com.unity.customelements.UnityWebElement.sendKeys(UnityWebElement.java:122)
at com.unity.customelements.UnityWebElement$$EnhancerByCGLIB$$c0c1cc43.CGLIB$sendKeys$16(<generated>)
at com.unity.customelements.UnityWebElement$$EnhancerByCGLIB$$c0c1cc43$$FastClassByCGLIB$$47fd7483.invoke(<generated>)
at net.sf.cglib.proxy.MethodProxy.invokeSuper(MethodProxy.java:228)
at com.unity.customelements.CustomElementLocator.intercept(CustomElementLocator.java:54)
at com.unity.customelements.UnityWebElement$$EnhancerByCGLIB$$c0c1cc43.sendKeys(<generated>)
at com.unity.pages.AddQuestionsPage.AddQuestions(AddQuestionsPage.java:91)
at com.unity.stepdefs.AddQuestionsTest.Instruction_should_get_created(AddQuestionsTest.java:33)
at sun.reflect.NativeMethodAccessorImpl.invoke0(Native Method)
at sun.reflect.NativeMethodAccessorImpl.invoke(Unknown Source)
at sun.reflect.DelegatingMethodAccessorImpl.invoke(Unknown Source)
at java.lang.reflect.Method.invoke(Unknown Source)
at io.cucumber.java.Invoker.doInvoke(Invoker.java:66)
at io.cucumber.java.Invoker.invoke(Invoker.java:24)
at io.cucumber.java.AbstractGlueDefinition.invokeMethod(AbstractGlueDefinition.java:47)
at io.cucumber.java.JavaStepDefinition.execute(JavaStepDefinition.java:29)
at io.cucumber.core.runner.CoreStepDefinition.execute(CoreStepDefinition.java:66)
at io.cucumber.core.runner.PickleStepDefinitionMatch.runStep(PickleStepDefinitionMatch.java:63)
at io.cucumber.core.runner.ExecutionMode$1.execute(ExecutionMode.java:10)
at io.cucumber.core.runner.TestStep.executeStep(TestStep.java:92)
at io.cucumber.core.runner.TestStep.run(TestStep.java:64)
at io.cucumber.core.runner.PickleStepTestStep.run(PickleStepTestStep.java:51)
at io.cucumber.core.runner.TestCase.run(TestCase.java:104)
at io.cucumber.core.runner.Runner.runPickle(Runner.java:71)
at io.cucumber.testng.TestNGCucumberRunner.lambda$runScenario$0(TestNGCucumberRunner.java:116)
at io.cucumber.core.runtime.CucumberExecutionContext.runTestCase(CucumberExecutionContext.java:117)
at io.cucumber.testng.TestNGCucumberRunner.runScenario(TestNGCucumberRunner.java:113)
at io.cucumber.testng.AbstractTestNGCucumberTests.runScenario(AbstractTestNGCucumberTests.java:31)
at sun.reflect.NativeMethodAccessorImpl.invoke0(Native Method)
at sun.reflect.NativeMethodAccessorImpl.invoke(Unknown Source)
at sun.reflect.DelegatingMethodAccessorImpl.invoke(Unknown Source)
at java.lang.reflect.Method.invoke(Unknown Source)
at org.testng.internal.MethodInvocationHelper.invokeMethod(MethodInvocationHelper.java:124)
at org.testng.internal.Invoker.invokeMethod(Invoker.java:580)
at org.testng.internal.Invoker.invokeTestMethod(Invoker.java:716)
at org.testng.internal.Invoker.invokeTestMethods(Invoker.java:988)
at org.testng.internal.TestMethodWorker.invokeTestMethods(TestMethodWorker.java:125)
at org.testng.internal.TestMethodWorker.run(TestMethodWorker.java:109)
at org.testng.TestRunner.privateRun(TestRunner.java:648)
at org.testng.TestRunner.run(TestRunner.java:505)
at org.testng.SuiteRunner.runTest(SuiteRunner.java:455)
at org.testng.SuiteRunner.runSequentially(SuiteRunner.java:450)
at org.testng.SuiteRunner.privateRun(SuiteRunner.java:415)
at org.testng.SuiteRunner.run(SuiteRunner.java:364)
at org.testng.SuiteRunnerWorker.runSuite(SuiteRunnerWorker.java:52)
at org.testng.SuiteRunnerWorker.run(SuiteRunnerWorker.java:84)
at org.testng.TestNG.runSuitesSequentially(TestNG.java:1208)
at org.testng.TestNG.runSuitesLocally(TestNG.java:1137)
at org.testng.TestNG.runSuites(TestNG.java:1049)
at org.testng.TestNG.run(TestNG.java:1017)
at org.testng.remote.AbstractRemoteTestNG.run(AbstractRemoteTestNG.java:115)
at org.testng.remote.RemoteTestNG.initAndRun(RemoteTestNG.java:251)
at org.testng.remote.RemoteTestNG.main(RemoteTestNG.java:77)
]]>
    </error>
  </testcase> <!-- runScenario -->
</testsuite> <!-- com.unity.runner.RunCucumberTest -->
